<?xml version="1.0" encoding="UTF-8"?>
<!-- Generated by org.testng.reporters.JUnitReportReporter -->
<testsuite hostname="Home-PC" failures="0" tests="2" name="magentostore.tests.AccountCreationTest" time="120.094" errors="0" timestamp="2023-01-20T15:57:53 IST" skipped="0">
  <testcase classname="magentostore.tests.AccountCreationTest" name="RequiredFieldVerification" time="62.827"/>
  <system-out/>
  <testcase classname="magentostore.tests.AccountCreationTest" name="AccountCreation" time="57.267"/>
  <system-out/>
</testsuite> <!-- magentostore.tests.AccountCreationTest -->
