<?xml version="1.0" encoding="UTF-8"?>
<!-- Generated by org.testng.reporters.JUnitReportReporter -->
<testsuite hostname="Home-PC" failures="0" tests="1" name="magentostore.tests.PlaceOrderTest" time="155.486" errors="0" timestamp="2023-01-21T18:58:23 IST" skipped="0">
  <testcase classname="magentostore.tests.PlaceOrderTest" name="placeorder" time="155.486"/>
  <system-out/>
</testsuite> <!-- magentostore.tests.PlaceOrderTest -->
