<?xml version="1.0" encoding="UTF-8"?>
<!-- Generated by org.testng.reporters.JUnitReportReporter -->
<testsuite hostname="Home-PC" failures="0" tests="1" name="magentostore.tests.PlaceOrderTest" time="124.946" errors="0" timestamp="2023-01-21T17:49:26 IST" skipped="0">
  <testcase classname="magentostore.tests.PlaceOrderTest" name="placeorder" time="124.946"/>
  <system-out/>
</testsuite> <!-- magentostore.tests.PlaceOrderTest -->
