<?xml version="1.0" encoding="UTF-8"?>
<!-- Generated by org.testng.reporters.JUnitReportReporter -->
<testsuite hostname="Home-PC" failures="0" tests="1" name="magentostore.tests.loginLogoutTest" time="21.158" errors="0" timestamp="2023-01-21T18:10:40 IST" skipped="0">
  <testcase classname="magentostore.tests.loginLogoutTest" name="invalidLoginVerification" time="21.158"/>
  <system-out/>
</testsuite> <!-- magentostore.tests.loginLogoutTest -->
